<?xml version="1.0" encoding="UTF-8"?>
<!-- Generated by org.testng.reporters.JUnitReportReporter -->
<testsuite hostname="VinothKumarG" failures="0" tests="1" name="Runner.TestRunner_reRunFaildCase" time="5.765" errors="0" timestamp="2023-12-16T22:22:41 IST" skipped="0">
  <testcase classname="Runner.TestRunner_reRunFaildCase" name="runScenario" time="5.765"/>
</testsuite> <!-- Runner.TestRunner_reRunFaildCase -->
