<?xml version="1.0" encoding="UTF-8"?>
<!-- Generated by org.testng.reporters.JUnitReportReporter -->
<testsuite hostname="VinothKumarG" failures="0" tests="4" name="Runner.PF_Runner" time="28.819" errors="0" timestamp="2023-12-16T18:45:51 IST" skipped="0">
  <testcase classname="Runner.PF_Runner" name="runScenario" time="8.173"/>
  <testcase classname="Runner.PF_Runner" name="runScenario" time="6.830"/>
  <testcase classname="Runner.PF_Runner" name="runScenario" time="6.771"/>
  <testcase classname="Runner.PF_Runner" name="runScenario" time="7.045"/>
</testsuite> <!-- Runner.PF_Runner -->
